# JRE version: OpenJDK Runtime Environment Zulu17.34+19-CA (17.0.3+7) (build 17.0.3+7-LTS)
# Java VM: OpenJDK 64-Bit Server VM Zulu17.34+19-CA (17.0.3+7-LTS, mixed mode, sharing, tiered, compressed oops, compressed class ptrs, g1 gc, windows-amd64)
GC Precious Log:
 CPUs: 12 total, 12 available
 Memory: 28565M
 Large Page Support: Disabled
 NUMA Support: Disabled
 Compressed Oops: Enabled (Zero based)
 Heap Region Size: 8M
 Heap Min Capacity: 8M
 Heap Initial Capacity: 448M
 Heap Max Capacity: 9G
 Pre-touch: Disabled
 Parallel Workers: 10
 Concurrent Workers: 3
 Concurrent Refinement Workers: 10
 Periodic GC: Disabled
Heap:
 garbage-first heap   total 532480K, used 301336K [0x0000000400000000, 0x0000000640000000)
  region size 8192K, 1 young (8192K), 1 survivors (8192K)
 Metaspace       used 125949K, committed 127296K, reserved 1163264K
  class space    used 16714K, committed 17280K, reserved 1048576K
GC Heap History (20 events):
Event: 117.617 GC heap after
{Heap after GC invocations=33 (full 0):
 garbage-first heap   total 270336K, used 48426K [0x0000000400000000, 0x0000000640000000)
  region size 8192K, 2 young (16384K), 2 survivors (16384K)
 Metaspace       used 102380K, committed 103616K, reserved 1138688K
  class space    used 13502K, committed 14080K, reserved 1048576K
}
Event: 216.936 GC heap before
{Heap before GC invocations=34 (full 0):
 garbage-first heap   total 221184K, used 171306K [0x0000000400000000, 0x0000000640000000)
  region size 8192K, 16 young (131072K), 2 survivors (16384K)
 Metaspace       used 117642K, committed 118528K, reserved 1155072K
  class space    used 15580K, committed 16000K, reserved 1048576K
}
Event: 216.944 GC heap after
{Heap after GC invocations=35 (full 0):
 garbage-first heap   total 221184K, used 54959K [0x0000000400000000, 0x0000000640000000)
  region size 8192K, 2 young (16384K), 2 survivors (16384K)
 Metaspace       used 117642K, committed 118528K, reserved 1155072K
  class space    used 15580K, committed 16000K, reserved 1048576K
}
Event: 216.988 GC heap before
{Heap before GC invocations=35 (full 0):
 garbage-first heap   total 221184K, used 63151K [0x0000000400000000, 0x0000000640000000)
  region size 8192K, 3 young (24576K), 2 survivors (16384K)
 Metaspace       used 117953K, committed 118976K, reserved 1155072K
  class space    used 15650K, committed 16128K, reserved 1048576K
}
Event: 216.996 GC heap after
{Heap after GC invocations=36 (full 0):
 garbage-first heap   total 221184K, used 55341K [0x0000000400000000, 0x0000000640000000)
  region size 8192K, 1 young (8192K), 1 survivors (8192K)
 Metaspace       used 117953K, committed 118976K, reserved 1155072K
  class space    used 15650K, committed 16128K, reserved 1048576K
}
Event: 217.461 GC heap before
{Heap before GC invocations=36 (full 0):
 garbage-first heap   total 221184K, used 96301K [0x0000000400000000, 0x0000000640000000)
  region size 8192K, 4 young (32768K), 1 survivors (8192K)
 Metaspace       used 118883K, committed 119872K, reserved 1155072K
  class space    used 15844K, committed 16320K, reserved 1048576K
}
Event: 217.501 GC heap after
{Heap after GC invocations=37 (full 0):
 garbage-first heap   total 352256K, used 89802K [0x0000000400000000, 0x0000000640000000)
  region size 8192K, 1 young (8192K), 1 survivors (8192K)
 Metaspace       used 118883K, committed 119872K, reserved 1155072K
  class space    used 15844K, committed 16320K, reserved 1048576K
}
Event: 217.512 GC heap before
{Heap before GC invocations=37 (full 0):
 garbage-first heap   total 352256K, used 155338K [0x0000000400000000, 0x0000000640000000)
  region size 8192K, 2 young (16384K), 1 survivors (8192K)
 Metaspace       used 118889K, committed 119872K, reserved 1155072K
  class space    used 15844K, committed 16320K, reserved 1048576K
}
Event: 217.514 GC heap after
{Heap after GC invocations=38 (full 0):
 garbage-first heap   total 352256K, used 159416K [0x0000000400000000, 0x0000000640000000)
  region size 8192K, 1 young (8192K), 1 survivors (8192K)
 Metaspace       used 118889K, committed 119872K, reserved 1155072K
  class space    used 15844K, committed 16320K, reserved 1048576K
}
Event: 217.527 GC heap before
{Heap before GC invocations=38 (full 0):
 garbage-first heap   total 352256K, used 175800K [0x0000000400000000, 0x0000000640000000)
  region size 8192K, 2 young (16384K), 1 survivors (8192K)
 Metaspace       used 118901K, committed 119872K, reserved 1155072K
  class space    used 15844K, committed 16320K, reserved 1048576K
}
Event: 217.530 GC heap after
{Heap after GC invocations=39 (full 0):
 garbage-first heap   total 352256K, used 176850K [0x0000000400000000, 0x0000000640000000)
  region size 8192K, 2 young (16384K), 2 survivors (16384K)
 Metaspace       used 118901K, committed 119872K, reserved 1155072K
  class space    used 15844K, committed 16320K, reserved 1048576K
}
Event: 219.327 GC heap before
{Heap before GC invocations=40 (full 0):
 garbage-first heap   total 409600K, used 324306K [0x0000000400000000, 0x0000000640000000)
  region size 8192K, 11 young (90112K), 2 survivors (16384K)
 Metaspace       used 124654K, committed 125696K, reserved 1163264K
  class space    used 16677K, committed 17152K, reserved 1048576K
}
Event: 219.337 GC heap after
{Heap after GC invocations=41 (full 0):
 garbage-first heap   total 409600K, used 295529K [0x0000000400000000, 0x0000000640000000)
  region size 8192K, 2 young (16384K), 2 survivors (16384K)
 Metaspace       used 124654K, committed 125696K, reserved 1163264K
  class space    used 16677K, committed 17152K, reserved 1048576K
}
Event: 219.560 GC heap before
{Heap before GC invocations=41 (full 0):
 garbage-first heap   total 409600K, used 320105K [0x0000000400000000, 0x0000000640000000)
  region size 8192K, 5 young (40960K), 2 survivors (16384K)
 Metaspace       used 126139K, committed 127168K, reserved 1163264K
  class space    used 16765K, committed 17280K, reserved 1048576K
}
Event: 219.565 GC heap after
{Heap after GC invocations=42 (full 0):
 garbage-first heap   total 409600K, used 299897K [0x0000000400000000, 0x0000000640000000)
  region size 8192K, 1 young (8192K), 1 survivors (8192K)
 Metaspace       used 126139K, committed 127168K, reserved 1163264K
  class space    used 16765K, committed 17280K, reserved 1048576K
}
Event: 219.619 GC heap before
{Heap before GC invocations=42 (full 0):
 garbage-first heap   total 409600K, used 324473K [0x0000000400000000, 0x0000000640000000)
  region size 8192K, 4 young (32768K), 1 survivors (8192K)
 Metaspace       used 126159K, committed 127296K, reserved 1163264K
  class space    used 16765K, committed 17280K, reserved 1048576K
}
Event: 219.621 GC heap after
{Heap after GC invocations=43 (full 0):
 garbage-first heap   total 409600K, used 300402K [0x0000000400000000, 0x0000000640000000)
  region size 8192K, 1 young (8192K), 1 survivors (8192K)
 Metaspace       used 126159K, committed 127296K, reserved 1163264K
  class space    used 16765K, committed 17280K, reserved 1048576K
}
Event: 219.762 GC heap before
{Heap before GC invocations=44 (full 0):
 garbage-first heap   total 532480K, used 324978K [0x0000000400000000, 0x0000000640000000)
  region size 8192K, 4 young (32768K), 1 survivors (8192K)
 Metaspace       used 125949K, committed 127296K, reserved 1163264K
  class space    used 16714K, committed 17280K, reserved 1048576K
}
Event: 219.763 GC heap after
{Heap after GC invocations=45 (full 0):
 garbage-first heap   total 532480K, used 300988K [0x0000000400000000, 0x0000000640000000)
  region size 8192K, 1 young (8192K), 1 survivors (8192K)
 Metaspace       used 125949K, committed 127296K, reserved 1163264K
  class space    used 16714K, committed 17280K, reserved 1048576K
}
Event: 219.805 GC heap before
{Heap before GC invocations=45 (full 0):
 garbage-first heap   total 532480K, used 317372K [0x0000000400000000, 0x0000000640000000)
  region size 8192K, 3 young (24576K), 1 survivors (8192K)
 Metaspace       used 125949K, committed 127296K, reserved 1163264K
  class space    used 16714K, committed 17280K, reserved 1048576K
}

