# JRE version: OpenJDK Runtime Environment Zulu17.34+19-CA (17.0.3+7) (build 17.0.3+7-LTS)
# Java VM: OpenJDK 64-Bit Server VM Zulu17.34+19-CA (17.0.3+7-LTS, mixed mode, sharing, tiered, compressed oops, compressed class ptrs, g1 gc, windows-amd64)
GC Precious Log:
 CPUs: 12 total, 12 available
 Memory: 28565M
 Large Page Support: Disabled
 NUMA Support: Disabled
 Compressed Oops: Enabled (Zero based)
 Heap Region Size: 8M
 Heap Min Capacity: 8M
 Heap Initial Capacity: 448M
 Heap Max Capacity: 9G
 Pre-touch: Disabled
 Parallel Workers: 10
 Concurrent Workers: 3
 Concurrent Refinement Workers: 10
 Periodic GC: Disabled
Heap:
 garbage-first heap   total 761856K, used 582211K [0x00000005c0000000, 0x0000000800000000)
  region size 8192K, 4 young (32768K), 1 survivors (8192K)
 Metaspace       used 135915K, committed 137600K, reserved 1171456K
  class space    used 18038K, committed 19136K, reserved 1048576K
GC Heap History (20 events):
Event: 7202.255 GC heap before
{Heap before GC invocations=1270 (full 3):
 garbage-first heap   total 360448K, used 64580K [0x00000005c0000000, 0x0000000800000000)
  region size 8192K, 2 young (16384K), 0 survivors (0K)
 Metaspace       used 135603K, committed 137280K, reserved 1171456K
  class space    used 18008K, committed 19136K, reserved 1048576K
}
Event: 7202.465 GC heap after
{Heap after GC invocations=1271 (full 4):
 garbage-first heap   total 221184K, used 56387K [0x00000005c0000000, 0x0000000800000000)
  region size 8192K, 0 young (0K), 0 survivors (0K)
 Metaspace       used 135603K, committed 137280K, reserved 1171456K
  class space    used 18008K, committed 19136K, reserved 1048576K
}
Event: 7901.300 GC heap before
{Heap before GC invocations=1271 (full 4):
 garbage-first heap   total 221184K, used 138307K [0x00000005c0000000, 0x0000000800000000)
  region size 8192K, 11 young (90112K), 0 survivors (0K)
 Metaspace       used 135742K, committed 137408K, reserved 1171456K
  class space    used 18023K, committed 19136K, reserved 1048576K
}
Event: 7901.335 GC heap after
{Heap after GC invocations=1272 (full 4):
 garbage-first heap   total 253952K, used 148170K [0x00000005c0000000, 0x0000000800000000)
  region size 8192K, 2 young (16384K), 2 survivors (16384K)
 Metaspace       used 135742K, committed 137408K, reserved 1171456K
  class space    used 18023K, committed 19136K, reserved 1048576K
}
Event: 7901.346 GC heap before
{Heap before GC invocations=1272 (full 4):
 garbage-first heap   total 253952K, used 156362K [0x00000005c0000000, 0x0000000800000000)
  region size 8192K, 4 young (32768K), 2 survivors (16384K)
 Metaspace       used 135742K, committed 137408K, reserved 1171456K
  class space    used 18023K, committed 19136K, reserved 1048576K
}
Event: 7901.349 GC heap after
{Heap after GC invocations=1273 (full 4):
 garbage-first heap   total 253952K, used 162845K [0x00000005c0000000, 0x0000000800000000)
  region size 8192K, 1 young (8192K), 1 survivors (8192K)
 Metaspace       used 135742K, committed 137408K, reserved 1171456K
  class space    used 18023K, committed 19136K, reserved 1048576K
}
Event: 7901.352 GC heap before
{Heap before GC invocations=1273 (full 4):
 garbage-first heap   total 253952K, used 162845K [0x00000005c0000000, 0x0000000800000000)
  region size 8192K, 2 young (16384K), 1 survivors (8192K)
 Metaspace       used 135742K, committed 137408K, reserved 1171456K
  class space    used 18023K, committed 19136K, reserved 1048576K
}
Event: 7901.354 GC heap after
{Heap after GC invocations=1274 (full 4):
 garbage-first heap   total 253952K, used 167910K [0x00000005c0000000, 0x0000000800000000)
  region size 8192K, 1 young (8192K), 1 survivors (8192K)
 Metaspace       used 135742K, committed 137408K, reserved 1171456K
  class space    used 18023K, committed 19136K, reserved 1048576K
}
Event: 7901.356 GC heap before
{Heap before GC invocations=1274 (full 4):
 garbage-first heap   total 253952K, used 167910K [0x00000005c0000000, 0x0000000800000000)
  region size 8192K, 2 young (16384K), 1 survivors (8192K)
 Metaspace       used 135742K, committed 137408K, reserved 1171456K
  class space    used 18023K, committed 19136K, reserved 1048576K
}
Event: 7901.358 GC heap after
{Heap after GC invocations=1275 (full 4):
 garbage-first heap   total 253952K, used 176311K [0x00000005c0000000, 0x0000000800000000)
  region size 8192K, 1 young (8192K), 1 survivors (8192K)
 Metaspace       used 135742K, committed 137408K, reserved 1171456K
  class space    used 18023K, committed 19136K, reserved 1048576K
}
Event: 7901.361 GC heap before
{Heap before GC invocations=1275 (full 4):
 garbage-first heap   total 253952K, used 176311K [0x00000005c0000000, 0x0000000800000000)
  region size 8192K, 2 young (16384K), 1 survivors (8192K)
 Metaspace       used 135742K, committed 137408K, reserved 1171456K
  class space    used 18023K, committed 19136K, reserved 1048576K
}
Event: 7901.362 GC heap after
{Heap after GC invocations=1276 (full 4):
 garbage-first heap   total 253952K, used 187486K [0x00000005c0000000, 0x0000000800000000)
  region size 8192K, 1 young (8192K), 1 survivors (8192K)
 Metaspace       used 135742K, committed 137408K, reserved 1171456K
  class space    used 18023K, committed 19136K, reserved 1048576K
}
Event: 7901.365 GC heap before
{Heap before GC invocations=1276 (full 4):
 garbage-first heap   total 253952K, used 187486K [0x00000005c0000000, 0x0000000800000000)
  region size 8192K, 2 young (16384K), 1 survivors (8192K)
 Metaspace       used 135742K, committed 137408K, reserved 1171456K
  class space    used 18023K, committed 19136K, reserved 1048576K
}
Event: 7901.368 GC heap after
{Heap after GC invocations=1277 (full 4):
 garbage-first heap   total 753664K, used 197204K [0x00000005c0000000, 0x0000000800000000)
  region size 8192K, 1 young (8192K), 1 survivors (8192K)
 Metaspace       used 135742K, committed 137408K, reserved 1171456K
  class space    used 18023K, committed 19136K, reserved 1048576K
}
Event: 7901.544 GC heap before
{Heap before GC invocations=1278 (full 4):
 garbage-first heap   total 753664K, used 459348K [0x00000005c0000000, 0x0000000800000000)
  region size 8192K, 34 young (278528K), 1 survivors (8192K)
 Metaspace       used 135742K, committed 137408K, reserved 1171456K
  class space    used 18023K, committed 19136K, reserved 1048576K
}
Event: 7901.578 GC heap after
{Heap after GC invocations=1279 (full 4):
 garbage-first heap   total 761856K, used 471035K [0x00000005c0000000, 0x0000000800000000)
  region size 8192K, 5 young (40960K), 5 survivors (40960K)
 Metaspace       used 135742K, committed 137408K, reserved 1171456K
  class space    used 18023K, committed 19136K, reserved 1048576K
}
Event: 8107.508 GC heap before
{Heap before GC invocations=1279 (full 4):
 garbage-first heap   total 761856K, used 528379K [0x00000005c0000000, 0x0000000800000000)
  region size 8192K, 13 young (106496K), 5 survivors (40960K)
 Metaspace       used 135915K, committed 137600K, reserved 1171456K
  class space    used 18038K, committed 19136K, reserved 1048576K
}
Event: 8107.517 GC heap after
{Heap after GC invocations=1280 (full 4):
 garbage-first heap   total 761856K, used 533196K [0x00000005c0000000, 0x0000000800000000)
  region size 8192K, 2 young (16384K), 2 survivors (16384K)
 Metaspace       used 135915K, committed 137600K, reserved 1171456K
  class space    used 18038K, committed 19136K, reserved 1048576K
}
Event: 8107.530 GC heap before
{Heap before GC invocations=1280 (full 4):
 garbage-first heap   total 761856K, used 565964K [0x00000005c0000000, 0x0000000800000000)
  region size 8192K, 7 young (57344K), 2 survivors (16384K)
 Metaspace       used 135915K, committed 137600K, reserved 1171456K
  class space    used 18038K, committed 19136K, reserved 1048576K
}
Event: 8107.536 GC heap after
{Heap after GC invocations=1281 (full 4):
 garbage-first heap   total 761856K, used 574019K [0x00000005c0000000, 0x0000000800000000)
  region size 8192K, 1 young (8192K), 1 survivors (8192K)
 Metaspace       used 135915K, committed 137600K, reserved 1171456K
  class space    used 18038K, committed 19136K, reserved 1048576K
}

